<?xml version="1.0" encoding="UTF-8"?>
<!-- Generated by org.testng.reporters.JUnitReportReporter -->
<testsuite hostname="DESKTOP-D6JGT9G" failures="0" tests="1" name="Tests" time="0.036" errors="0" timestamp="2023-02-09T17:44:41 CET" skipped="0">
  <testcase classname="Tests" name="verifyHomePage" time="0.036"/>
</testsuite> <!-- Tests -->
